<?xml version="1.0" encoding="UTF-8"?><testsuite errors="1" failures="0" name="Contacts story" skipped="0" tests="3" time="38.29" timestamp="2019-12-29 09:17:09"><testcase name="Validate whether user is able to create a contact"/><testcase name="Validate whether user is able to update a contact"><error message="no such element: Unable to locate element: {&quot;method&quot;:&quot;xpath&quot;,&quot;selector&quot;:&quot;//li[contains(text(),'Asish')]&quot;}&#10;  (Session info: chrome=79.0.3945.88)&#10;For documentation on this error, please visit: https://www.seleniumhq.org/exceptions/no_such_element.html&#10;Build info: version: '3.141.59', revision: 'e82be7d358', time: '2018-11-14T08:17:03'&#10;System info: host: 'WPU8L0050569', ip: '10.0.75.1', os.name: 'Windows 10', os.arch: 'amd64', os.version: '10.0', java.version: '1.8.0_221'&#10;Driver info: org.openqa.selenium.chrome.ChromeDriver&#10;Capabilities {acceptInsecureCerts: false, browserName: chrome, browserVersion: 79.0.3945.88, chrome: {chromedriverVersion: 79.0.3945.36 (3582db32b3389..., userDataDir: C:\Users\LA56QS\AppData\Loc...}, goog:chromeOptions: {debuggerAddress: localhost:54726}, javascriptEnabled: true, networkConnectionEnabled: false, pageLoadStrategy: normal, platform: WINDOWS, platformName: WINDOWS, proxy: Proxy(), setWindowRect: true, strictFileInteractability: false, timeouts: {implicit: 0, pageLoad: 300000, script: 30000}, unhandledPromptBehavior: dismiss and notify}&#10;Session ID: 9f0ca1dd3b2222b897af0f526eeb4c19&#10;*** Element info: {Using=xpath, value=//li[contains(text(),'Asish')]}" type="org.openqa.selenium.NoSuchElementException">no such element: Unable to locate element: {"method":"xpath","selector":"//li[contains(text(),'Asish')]"}
  (Session info: chrome=79.0.3945.88)
For documentation on this error, please visit: https://www.seleniumhq.org/exceptions/no_such_element.html
Build info: version: '3.141.59', revision: 'e82be7d358', time: '2018-11-14T08:17:03'
System info: host: 'WPU8L0050569', ip: '10.0.75.1', os.name: 'Windows 10', os.arch: 'amd64', os.version: '10.0', java.version: '1.8.0_221'
Driver info: org.openqa.selenium.chrome.ChromeDriver
Capabilities {acceptInsecureCerts: false, browserName: chrome, browserVersion: 79.0.3945.88, chrome: {chromedriverVersion: 79.0.3945.36 (3582db32b3389..., userDataDir: C:\Users\LA56QS\AppData\Loc...}, goog:chromeOptions: {debuggerAddress: localhost:54726}, javascriptEnabled: true, networkConnectionEnabled: false, pageLoadStrategy: normal, platform: WINDOWS, platformName: WINDOWS, proxy: Proxy(), setWindowRect: true, strictFileInteractability: false, timeouts: {implicit: 0, pageLoad: 300000, script: 30000}, unhandledPromptBehavior: dismiss and notify}
Session ID: 9f0ca1dd3b2222b897af0f526eeb4c19
*** Element info: {Using=xpath, value=//li[contains(text(),'Asish')]}</error><system-err>no such element: Unable to locate element: {"method":"xpath","selector":"//li[contains(text(),'Asish')]"}
  (Session info: chrome=79.0.3945.88)
For documentation on this error, please visit: https://www.seleniumhq.org/exceptions/no_such_element.html
Build info: version: '3.141.59', revision: 'e82be7d358', time: '2018-11-14T08:17:03'
System info: host: 'WPU8L0050569', ip: '10.0.75.1', os.name: 'Windows 10', os.arch: 'amd64', os.version: '10.0', java.version: '1.8.0_221'
Driver info: org.openqa.selenium.chrome.ChromeDriver
Capabilities {acceptInsecureCerts: false, browserName: chrome, browserVersion: 79.0.3945.88, chrome: {chromedriverVersion: 79.0.3945.36 (3582db32b3389..., userDataDir: C:\Users\LA56QS\AppData\Loc...}, goog:chromeOptions: {debuggerAddress: localhost:54726}, javascriptEnabled: true, networkConnectionEnabled: false, pageLoadStrategy: normal, platform: WINDOWS, platformName: WINDOWS, proxy: Proxy(), setWindowRect: true, strictFileInteractability: false, timeouts: {implicit: 0, pageLoad: 300000, script: 30000}, unhandledPromptBehavior: dismiss and notify}
Session ID: 9f0ca1dd3b2222b897af0f526eeb4c19
*** Element info: {Using=xpath, value=//li[contains(text(),'Asish')]}&#13;
pageObjects.ContactsPage.updateContactIsSuccessful(ContactsPage.java:77)&#13;
steps.SerenitySteps.updateContactIsSuccessful(SerenitySteps.java:29)&#13;
contactsOperations.ContactsOperationsStepDefinitions.thenTheUpdateContactShouldBeVisibleOnTheScreen(ContactsOperationsStepDefinitions.java:37)&#13;
</system-err></testcase><testcase name="Validate whether user is able to delete a contact"/></testsuite>